# JRE version: Java(TM) SE Runtime Environment (24.0.2+12) (build 24.0.2+12-54)
# Java VM: Java HotSpot(TM) 64-Bit Server VM (24.0.2+12-54, mixed mode, sharing, tiered, compressed oops, compressed class ptrs, g1 gc, windows-amd64)
GC Precious Log:
 CardTable entry size: 512
 Card Set container configuration: InlinePtr #cards 5 size 8 Array Of Cards #cards 10 size 36 Howl #buckets 4 coarsen threshold 1843 Howl Bitmap #cards 512 size 80 coarsen threshold 460 Card regions per heap region 1 cards per card region 2048
 CPUs: 2 total, 2 available
 Memory: 4016M
 Large Page Support: Disabled
 NUMA Support: Disabled
 Compressed Oops: Enabled (32-bit)
 Heap Region Size: 1M
 Heap Min Capacity: 8M
 Heap Initial Capacity: 8M
 Heap Max Capacity: 1006M
 Pre-touch: Disabled
 Parallel Workers: 2
 Concurrent Workers: 1
 Concurrent Refinement Workers: 2
 Periodic GC: Disabled
Heap:
 garbage-first heap   total reserved 1030144K, committed 19456K, used 10649K [0x00000000c1200000, 0x0000000100000000)
  region size 1024K, 2 young (2048K), 1 survivors (1024K)
 Metaspace       used 10805K, committed 10944K, reserved 1114112K
  class space    used 1070K, committed 1152K, reserved 1048576K
GC Heap History (20 events):
Event: 4.429 GC heap before
{Heap before GC invocations=4 (full 0):
 garbage-first heap   total reserved 1030144K, committed 10240K, used 4975K [0x00000000c1200000, 0x0000000100000000)
  region size 1024K, 3 young (3072K), 1 survivors (1024K)
 Metaspace       used 8444K, committed 8704K, reserved 1114112K
  class space    used 802K, committed 896K, reserved 1048576K
}
Event: 4.434 GC heap after
{Heap after GC invocations=5 (full 0):
 garbage-first heap   total reserved 1030144K, committed 10240K, used 4656K [0x00000000c1200000, 0x0000000100000000)
  region size 1024K, 1 young (1024K), 1 survivors (1024K)
 Metaspace       used 8444K, committed 8704K, reserved 1114112K
  class space    used 802K, committed 896K, reserved 1048576K
}
Event: 5.463 GC heap before
{Heap before GC invocations=6 (full 0):
 garbage-first heap   total reserved 1030144K, committed 10240K, used 6704K [0x00000000c1200000, 0x0000000100000000)
  region size 1024K, 3 young (3072K), 1 survivors (1024K)
 Metaspace       used 9041K, committed 9216K, reserved 1114112K
  class space    used 877K, committed 960K, reserved 1048576K
}
Event: 5.466 GC heap after
{Heap after GC invocations=7 (full 0):
 garbage-first heap   total reserved 1030144K, committed 10240K, used 5420K [0x00000000c1200000, 0x0000000100000000)
  region size 1024K, 1 young (1024K), 1 survivors (1024K)
 Metaspace       used 9041K, committed 9216K, reserved 1114112K
  class space    used 877K, committed 960K, reserved 1048576K
}
Event: 5.527 GC heap before
{Heap before GC invocations=7 (full 0):
 garbage-first heap   total reserved 1030144K, committed 10240K, used 6444K [0x00000000c1200000, 0x0000000100000000)
  region size 1024K, 2 young (2048K), 1 survivors (1024K)
 Metaspace       used 9080K, committed 9216K, reserved 1114112K
  class space    used 881K, committed 960K, reserved 1048576K
}
Event: 5.530 GC heap after
{Heap after GC invocations=8 (full 0):
 garbage-first heap   total reserved 1030144K, committed 10240K, used 5550K [0x00000000c1200000, 0x0000000100000000)
  region size 1024K, 1 young (1024K), 1 survivors (1024K)
 Metaspace       used 9080K, committed 9216K, reserved 1114112K
  class space    used 881K, committed 960K, reserved 1048576K
}
Event: 5.688 GC heap before
{Heap before GC invocations=8 (full 0):
 garbage-first heap   total reserved 1030144K, committed 10240K, used 6574K [0x00000000c1200000, 0x0000000100000000)
  region size 1024K, 2 young (2048K), 1 survivors (1024K)
 Metaspace       used 9101K, committed 9280K, reserved 1114112K
  class space    used 881K, committed 960K, reserved 1048576K
}
Event: 5.690 GC heap after
{Heap after GC invocations=9 (full 0):
 garbage-first heap   total reserved 1030144K, committed 10240K, used 5682K [0x00000000c1200000, 0x0000000100000000)
  region size 1024K, 1 young (1024K), 1 survivors (1024K)
 Metaspace       used 9101K, committed 9280K, reserved 1114112K
  class space    used 881K, committed 960K, reserved 1048576K
}
Event: 5.768 GC heap before
{Heap before GC invocations=10 (full 0):
 garbage-first heap   total reserved 1030144K, committed 12288K, used 6706K [0x00000000c1200000, 0x0000000100000000)
  region size 1024K, 2 young (2048K), 1 survivors (1024K)
 Metaspace       used 9124K, committed 9280K, reserved 1114112K
  class space    used 882K, committed 960K, reserved 1048576K
}
Event: 5.770 GC heap after
{Heap after GC invocations=11 (full 0):
 garbage-first heap   total reserved 1030144K, committed 12288K, used 5721K [0x00000000c1200000, 0x0000000100000000)
  region size 1024K, 1 young (1024K), 1 survivors (1024K)
 Metaspace       used 9124K, committed 9280K, reserved 1114112K
  class space    used 882K, committed 960K, reserved 1048576K
}
Event: 6.143 GC heap before
{Heap before GC invocations=11 (full 0):
 garbage-first heap   total reserved 1030144K, committed 12288K, used 8793K [0x00000000c1200000, 0x0000000100000000)
  region size 1024K, 4 young (4096K), 1 survivors (1024K)
 Metaspace       used 9346K, committed 9536K, reserved 1114112K
  class space    used 907K, committed 1024K, reserved 1048576K
}
Event: 6.146 GC heap after
{Heap after GC invocations=12 (full 0):
 garbage-first heap   total reserved 1030144K, committed 17408K, used 6279K [0x00000000c1200000, 0x0000000100000000)
  region size 1024K, 1 young (1024K), 1 survivors (1024K)
 Metaspace       used 9346K, committed 9536K, reserved 1114112K
  class space    used 907K, committed 1024K, reserved 1048576K
}
Event: 6.836 GC heap before
{Heap before GC invocations=13 (full 0):
 garbage-first heap   total reserved 1030144K, committed 17408K, used 12423K [0x00000000c1200000, 0x0000000100000000)
  region size 1024K, 7 young (7168K), 1 survivors (1024K)
 Metaspace       used 9422K, committed 9600K, reserved 1114112K
  class space    used 912K, committed 1024K, reserved 1048576K
}
Event: 6.842 GC heap after
{Heap after GC invocations=14 (full 0):
 garbage-first heap   total reserved 1030144K, committed 17408K, used 7329K [0x00000000c1200000, 0x0000000100000000)
  region size 1024K, 1 young (1024K), 1 survivors (1024K)
 Metaspace       used 9422K, committed 9600K, reserved 1114112K
  class space    used 912K, committed 1024K, reserved 1048576K
}
Event: 7.466 GC heap before
{Heap before GC invocations=14 (full 0):
 garbage-first heap   total reserved 1030144K, committed 17408K, used 12449K [0x00000000c1200000, 0x0000000100000000)
  region size 1024K, 6 young (6144K), 1 survivors (1024K)
 Metaspace       used 9498K, committed 9728K, reserved 1114112K
  class space    used 916K, committed 1024K, reserved 1048576K
}
Event: 7.471 GC heap after
{Heap after GC invocations=15 (full 0):
 garbage-first heap   total reserved 1030144K, committed 17408K, used 8208K [0x00000000c1200000, 0x0000000100000000)
  region size 1024K, 1 young (1024K), 1 survivors (1024K)
 Metaspace       used 9498K, committed 9728K, reserved 1114112K
  class space    used 916K, committed 1024K, reserved 1048576K
}
Event: 7.758 GC heap before
{Heap before GC invocations=15 (full 0):
 garbage-first heap   total reserved 1030144K, committed 17408K, used 12304K [0x00000000c1200000, 0x0000000100000000)
  region size 1024K, 5 young (5120K), 1 survivors (1024K)
 Metaspace       used 9578K, committed 9792K, reserved 1114112K
  class space    used 916K, committed 1024K, reserved 1048576K
}
Event: 7.763 GC heap after
{Heap after GC invocations=16 (full 0):
 garbage-first heap   total reserved 1030144K, committed 17408K, used 9079K [0x00000000c1200000, 0x0000000100000000)
  region size 1024K, 1 young (1024K), 1 survivors (1024K)
 Metaspace       used 9578K, committed 9792K, reserved 1114112K
  class space    used 916K, committed 1024K, reserved 1048576K
}
Event: 8.200 GC heap before
{Heap before GC invocations=17 (full 0):
 garbage-first heap   total reserved 1030144K, committed 17408K, used 14199K [0x00000000c1200000, 0x0000000100000000)
  region size 1024K, 6 young (6144K), 1 survivors (1024K)
 Metaspace       used 9642K, committed 9856K, reserved 1114112K
  class space    used 917K, committed 1024K, reserved 1048576K
}
Event: 8.205 GC heap after
{Heap after GC invocations=18 (full 0):
 garbage-first heap   total reserved 1030144K, committed 17408K, used 10044K [0x00000000c1200000, 0x0000000100000000)
  region size 1024K, 1 young (1024K), 1 survivors (1024K)
 Metaspace       used 9642K, committed 9856K, reserved 1114112K
  class space    used 917K, committed 1024K, reserved 1048576K
}

